<?xml version="1.0" encoding="UTF-8"?>
<!-- Generated by org.testng.reporters.JUnitReportReporter -->
<testsuite hostname="DESKTOP-JO079VH" name="com.automationpractice.qa.Test.CartTest" tests="1" failures="0" timestamp="14 May 2020 05:46:34 GMT" time="3.672" errors="0">
  <testcase name="Proceed" time="3.672" classname="com.automationpractice.qa.Test.CartTest"/>
</testsuite> <!-- com.automationpractice.qa.Test.CartTest -->
