<?xml version="1.0" encoding="UTF-8"?>
<!-- Generated by org.testng.reporters.JUnitReportReporter -->
<testsuite hostname="DESKTOP-JO079VH" name="com.automationpractice.qa.Test.HomeTest" tests="1" failures="0" timestamp="14 May 2020 05:46:34 GMT" time="0.021" errors="0">
  <testcase name="VerifyTitle" time="0.021" classname="com.automationpractice.qa.Test.HomeTest"/>
</testsuite> <!-- com.automationpractice.qa.Test.HomeTest -->
