<?xml version="1.0" encoding="UTF-8"?>
<!-- Generated by org.testng.reporters.JUnitReportReporter -->
<testsuite hostname="DESKTOP-JO079VH" name="com.automationpractice.qa.Test.HomeTest" tests="2" failures="0" timestamp="19 Apr 2020 16:52:50 GMT" time="65.626" errors="0">
  <testcase name="VerifyTitle" time="0.041" classname="com.automationpractice.qa.Test.HomeTest"/>
  <testcase name="addToCard" time="65.585" classname="com.automationpractice.qa.Test.HomeTest"/>
</testsuite> <!-- com.automationpractice.qa.Test.HomeTest -->
