<?xml version="1.0" encoding="UTF-8"?>
<!-- Generated by org.testng.reporters.JUnitReportReporter -->
<testsuite skipped="0" hostname="DESKTOP-JO079VH" name="com.automationpractice.qa.Test.HomeTest" tests="2" failures="0" timestamp="21 Apr 2020 17:11:08 GMT" time="34.812" errors="0">
  <testcase name="VerifyTitle" time="0.021" classname="com.automationpractice.qa.Test.HomeTest"/>
  <testcase name="addToCard" time="34.791" classname="com.automationpractice.qa.Test.HomeTest"/>
</testsuite> <!-- com.automationpractice.qa.Test.HomeTest -->
